<?xml version="1.0" encoding="UTF-8"?>
<!-- Generated by org.testng.reporters.JUnitReportReporter -->
<testsuite skipped="0" hostname="Umas-MacBook-Pro.local" name="com.google.tests.GoogleHomePageTest" tests="1" failures="0" timestamp="15 Mar 2018 13:53:18 GMT" time="1.489" errors="0">
  <testcase name="googleHomeTest" time="1.489" classname="com.google.tests.GoogleHomePageTest"/>
</testsuite> <!-- com.google.tests.GoogleHomePageTest -->
